2026-05-25 01:10:08.192  INFO 15736 --- [scheduling-1] c.j.s.p.PerformanceDeadlineScheduler     : 绩效节点截止自动流转完成 advanced=0 autoConfirmed=0
2026-05-25 10:00:08.186  INFO 15736 --- [scheduling-1] c.j.s.p.PerformanceDeadlineScheduler     : 绩效节点截止日提醒完成 reminders=0
2026-05-25 10:00:50.533  INFO 15736 --- [http-nio-8081-exec-6] c.j.s.performance.PerformanceService     : 绩效列表查询: userId=ou_754baa28177c2666a537fb702a286192, roles=[super_admin], total=0
2026-05-25 10:00:54.085  INFO 15736 --- [http-nio-8081-exec-5] c.j.s.performance.PerformanceService     : 绩效列表查询: userId=ou_754baa28177c2666a537fb702a286192, roles=[super_admin], total=0
2026-05-25 10:01:26.809  INFO 15736 --- [http-nio-8081-exec-6] c.j.s.performance.PerformanceService     : 绩效列表查询: userId=ou_754baa28177c2666a537fb702a286192, roles=[super_admin], total=0
2026-05-25 10:01:29.224  INFO 15736 --- [http-nio-8081-exec-2] c.j.s.performance.PerformanceService     : 绩效列表查询: userId=ou_754baa28177c2666a537fb702a286192, roles=[super_admin], total=0
2026-05-25 10:21:23.468  INFO 15736 --- [http-nio-8081-exec-7] c.j.s.performance.PerformanceService     : 绩效列表查询: userId=ou_754baa28177c2666a537fb702a286192, roles=[super_admin], total=0
2026-05-25 10:21:25.881  INFO 15736 --- [http-nio-8081-exec-10] c.j.s.performance.PerformanceService     : 绩效列表查询: userId=ou_754baa28177c2666a537fb702a286192, roles=[super_admin], total=0
2026-05-25 10:21:35.338  INFO 15736 --- [http-nio-8081-exec-10] c.j.s.performance.PerformanceService     : 绩效列表查询: userId=ou_754baa28177c2666a537fb702a286192, roles=[super_admin], total=0
2026-05-25 10:24:27.090  INFO 15736 --- [http-nio-8081-exec-5] c.j.s.performance.PerformanceService     : 绩效列表查询: userId=ou_754baa28177c2666a537fb702a286192, roles=[super_admin], total=0
2026-05-25 10:24:29.992  INFO 15736 --- [http-nio-8081-exec-6] c.j.s.performance.PerformanceService     : 绩效列表查询: userId=ou_754baa28177c2666a537fb702a286192, roles=[super_admin], total=0
2026-05-25 10:28:14.796  INFO 35180 --- [main] c.j.server.Jixiao2ServerApplication      : Starting Jixiao2ServerApplication using Java 1.8.0_482 on WIN-G1VMINRDQDQ with PID 35180 (D:\zr\code\jixiao2\server-java\target\classes started by Administrator in D:\zr\code\jixiao2\server-java)
2026-05-25 10:28:14.800  INFO 35180 --- [main] c.j.server.Jixiao2ServerApplication      : No active profile set, falling back to 1 default profile: "default"
2026-05-25 10:28:15.772  INFO 35180 --- [main] o.s.b.w.embedded.tomcat.TomcatWebServer  : Tomcat initialized with port(s): 8081 (http)
2026-05-25 10:28:15.777  INFO 35180 --- [main] o.apache.catalina.core.StandardService   : Starting service [Tomcat]
2026-05-25 10:28:15.777  INFO 35180 --- [main] org.apache.catalina.core.StandardEngine  : Starting Servlet engine: [Apache Tomcat/9.0.83]
2026-05-25 10:28:15.826  INFO 35180 --- [main] o.a.c.c.C.[Tomcat].[localhost].[/]       : Initializing Spring embedded WebApplicationContext
2026-05-25 10:28:15.826  INFO 35180 --- [main] w.s.c.ServletWebServerApplicationContext : Root WebApplicationContext: initialization completed in 995 ms
2026-05-25 10:28:16.342  INFO 35180 --- [main] o.s.b.a.e.web.EndpointLinksResolver      : Exposing 3 endpoint(s) beneath base path '/actuator'
2026-05-25 10:28:16.366  INFO 35180 --- [main] o.s.b.w.embedded.tomcat.TomcatWebServer  : Tomcat started on port(s): 8081 (http) with context path ''
2026-05-25 10:28:16.376  INFO 35180 --- [main] c.j.server.Jixiao2ServerApplication      : Started Jixiao2ServerApplication in 1.906 seconds (JVM running for 2.156)
2026-05-25 11:12:55.424  INFO 35180 --- [http-nio-8081-exec-1] o.a.c.c.C.[Tomcat].[localhost].[/]       : Initializing Spring DispatcherServlet 'dispatcherServlet'
2026-05-25 11:12:55.425  INFO 35180 --- [http-nio-8081-exec-1] o.s.web.servlet.DispatcherServlet        : Initializing Servlet 'dispatcherServlet'
2026-05-25 11:12:55.430  INFO 35180 --- [http-nio-8081-exec-1] o.s.web.servlet.DispatcherServlet        : Completed initialization in 4 ms
2026-05-25 11:12:55.474  INFO 35180 --- [http-nio-8081-exec-1] com.zaxxer.hikari.HikariDataSource       : HikariPool-1 - Starting...
2026-05-25 11:12:55.947  INFO 35180 --- [http-nio-8081-exec-1] com.zaxxer.hikari.HikariDataSource       : HikariPool-1 - Start completed.
2026-05-25 12:19:58.121  INFO 2156 --- [main] c.j.server.Jixiao2ServerApplication      : Starting Jixiao2ServerApplication using Java 1.8.0_482 on WIN-G1VMINRDQDQ with PID 2156 (D:\zr\code\jixiao2\server-java\target\classes started by Administrator in D:\zr\code\jixiao2\server-java)
2026-05-25 12:19:58.123  INFO 2156 --- [main] c.j.server.Jixiao2ServerApplication      : No active profile set, falling back to 1 default profile: "default"
2026-05-25 12:19:59.290  INFO 2156 --- [main] o.s.b.w.embedded.tomcat.TomcatWebServer  : Tomcat initialized with port(s): 8081 (http)
2026-05-25 12:19:59.303  INFO 2156 --- [main] o.apache.catalina.core.StandardService   : Starting service [Tomcat]
2026-05-25 12:19:59.304  INFO 2156 --- [main] org.apache.catalina.core.StandardEngine  : Starting Servlet engine: [Apache Tomcat/9.0.83]
2026-05-25 12:19:59.390  INFO 2156 --- [main] o.a.c.c.C.[Tomcat].[localhost].[/]       : Initializing Spring embedded WebApplicationContext
2026-05-25 12:19:59.391  INFO 2156 --- [main] w.s.c.ServletWebServerApplicationContext : Root WebApplicationContext: initialization completed in 1240 ms
2026-05-25 12:19:59.943  INFO 2156 --- [main] o.s.b.a.e.web.EndpointLinksResolver      : Exposing 3 endpoint(s) beneath base path '/actuator'
2026-05-25 12:19:59.961  WARN 2156 --- [main] ConfigServletWebServerApplicationContext : Exception encountered during context initialization - cancelling refresh attempt: org.springframework.context.ApplicationContextException: Failed to start bean 'webServerStartStop'; nested exception is org.springframework.boot.web.server.PortInUseException: Port 8081 is already in use
2026-05-25 12:19:59.965  INFO 2156 --- [main] o.apache.catalina.core.StandardService   : Stopping service [Tomcat]
2026-05-25 12:19:59.974  INFO 2156 --- [main] ConditionEvaluationReportLoggingListener : 

Error starting ApplicationContext. To display the conditions report re-run your application with 'debug' enabled.
2026-05-25 12:19:59.983 ERROR 2156 --- [main] o.s.b.d.LoggingFailureAnalysisReporter   : 

***************************
APPLICATION FAILED TO START
***************************

Description:

Web server failed to start. Port 8081 was already in use.

Action:

Identify and stop the process that's listening on port 8081 or configure this application to listen on another port.

2026-05-25 12:24:45.618  INFO 39504 --- [main] c.j.server.Jixiao2ServerApplication      : Starting Jixiao2ServerApplication using Java 1.8.0_482 on WIN-G1VMINRDQDQ with PID 39504 (D:\zr\code\jixiao2\server-java\target\classes started by Administrator in D:\zr\code\jixiao2\server-java)
2026-05-25 12:24:45.620  INFO 39504 --- [main] c.j.server.Jixiao2ServerApplication      : No active profile set, falling back to 1 default profile: "default"
2026-05-25 12:24:47.236  INFO 39504 --- [main] o.s.b.w.embedded.tomcat.TomcatWebServer  : Tomcat initialized with port(s): 8081 (http)
2026-05-25 12:24:47.243  INFO 39504 --- [main] o.apache.catalina.core.StandardService   : Starting service [Tomcat]
2026-05-25 12:24:47.244  INFO 39504 --- [main] org.apache.catalina.core.StandardEngine  : Starting Servlet engine: [Apache Tomcat/9.0.83]
2026-05-25 12:24:47.293  INFO 39504 --- [main] o.a.c.c.C.[Tomcat].[localhost].[/]       : Initializing Spring embedded WebApplicationContext
2026-05-25 12:24:47.293  INFO 39504 --- [main] w.s.c.ServletWebServerApplicationContext : Root WebApplicationContext: initialization completed in 1630 ms
2026-05-25 12:24:47.550  WARN 39504 --- [main] ConfigServletWebServerApplicationContext : Exception encountered during context initialization - cancelling refresh attempt: org.springframework.beans.factory.UnsatisfiedDependencyException: Error creating bean with name 'monthlyPerformanceScheduler' defined in file [D:\zr\code\jixiao2\server-java\target\classes\com\jixiao2\server\performance\MonthlyPerformanceScheduler.class]: Unsatisfied dependency expressed through constructor parameter 0; nested exception is org.springframework.beans.factory.BeanCreationException: Error creating bean with name 'performanceService' defined in file [D:\zr\code\jixiao2\server-java\target\classes\com\jixiao2\server\performance\PerformanceService.class]: Bean instantiation via constructor failed; nested exception is java.lang.NoClassDefFoundError: com/jixiao2/server/performance/PerformanceService$1
2026-05-25 12:24:47.554  INFO 39504 --- [main] o.apache.catalina.core.StandardService   : Stopping service [Tomcat]
2026-05-25 12:24:47.564  INFO 39504 --- [main] ConditionEvaluationReportLoggingListener : 

Error starting ApplicationContext. To display the conditions report re-run your application with 'debug' enabled.
2026-05-25 12:24:47.575 ERROR 39504 --- [main] o.s.boot.SpringApplication               : Application run failed

org.springframework.beans.factory.UnsatisfiedDependencyException: Error creating bean with name 'monthlyPerformanceScheduler' defined in file [D:\zr\code\jixiao2\server-java\target\classes\com\jixiao2\server\performance\MonthlyPerformanceScheduler.class]: Unsatisfied dependency expressed through constructor parameter 0; nested exception is org.springframework.beans.factory.BeanCreationException: Error creating bean with name 'performanceService' defined in file [D:\zr\code\jixiao2\server-java\target\classes\com\jixiao2\server\performance\PerformanceService.class]: Bean instantiation via constructor failed; nested exception is java.lang.NoClassDefFoundError: com/jixiao2/server/performance/PerformanceService$1
	at org.springframework.beans.factory.support.ConstructorResolver.createArgumentArray(ConstructorResolver.java:801)
	at org.springframework.beans.factory.support.ConstructorResolver.autowireConstructor(ConstructorResolver.java:224)
	at org.springframework.beans.factory.support.AbstractAutowireCapableBeanFactory.autowireConstructor(AbstractAutowireCapableBeanFactory.java:1372)
	at org.springframework.beans.factory.support.AbstractAutowireCapableBeanFactory.createBeanInstance(AbstractAutowireCapableBeanFactory.java:1222)
	at org.springframework.beans.factory.support.AbstractAutowireCapableBeanFactory.doCreateBean(AbstractAutowireCapableBeanFactory.java:582)
	at org.springframework.beans.factory.support.AbstractAutowireCapableBeanFactory.createBean(AbstractAutowireCapableBeanFactory.java:542)
	at org.springframework.beans.factory.support.AbstractBeanFactory.lambda$doGetBean$0(AbstractBeanFactory.java:335)
	at org.springframework.beans.factory.support.DefaultSingletonBeanRegistry.getSingleton(DefaultSingletonBeanRegistry.java:234)
	at org.springframework.beans.factory.support.AbstractBeanFactory.doGetBean(AbstractBeanFactory.java:333)
	at org.springframework.beans.factory.support.AbstractBeanFactory.getBean(AbstractBeanFactory.java:208)
	at org.springframework.beans.factory.support.DefaultListableBeanFactory.preInstantiateSingletons(DefaultListableBeanFactory.java:955)
	at org.springframework.context.support.AbstractApplicationContext.finishBeanFactoryInitialization(AbstractApplicationContext.java:929)
	at org.springframework.context.support.AbstractApplicationContext.refresh(AbstractApplicationContext.java:591)
	at org.springframework.boot.web.servlet.context.ServletWebServerApplicationContext.refresh(ServletWebServerApplicationContext.java:147)
	at org.springframework.boot.SpringApplication.refresh(SpringApplication.java:732)
	at org.springframework.boot.SpringApplication.refreshContext(SpringApplication.java:409)
	at org.springframework.boot.SpringApplication.run(SpringApplication.java:308)
	at org.springframework.boot.SpringApplication.run(SpringApplication.java:1300)
	at org.springframework.boot.SpringApplication.run(SpringApplication.java:1289)
	at com.jixiao2.server.Jixiao2ServerApplication.main(Jixiao2ServerApplication.java:15)
Caused by: org.springframework.beans.factory.BeanCreationException: Error creating bean with name 'performanceService' defined in file [D:\zr\code\jixiao2\server-java\target\classes\com\jixiao2\server\performance\PerformanceService.class]: Bean instantiation via constructor failed; nested exception is java.lang.NoClassDefFoundError: com/jixiao2/server/performance/PerformanceService$1
	at org.springframework.beans.factory.support.ConstructorResolver.instantiate(ConstructorResolver.java:310)
	at org.springframework.beans.factory.support.ConstructorResolver.autowireConstructor(ConstructorResolver.java:291)
	at org.springframework.beans.factory.support.AbstractAutowireCapableBeanFactory.autowireConstructor(AbstractAutowireCapableBeanFactory.java:1372)
	at org.springframework.beans.factory.support.AbstractAutowireCapableBeanFactory.createBeanInstance(AbstractAutowireCapableBeanFactory.java:1222)
	at org.springframework.beans.factory.support.AbstractAutowireCapableBeanFactory.doCreateBean(AbstractAutowireCapableBeanFactory.java:582)
	at org.springframework.beans.factory.support.AbstractAutowireCapableBeanFactory.createBean(AbstractAutowireCapableBeanFactory.java:542)
	at org.springframework.beans.factory.support.AbstractBeanFactory.lambda$doGetBean$0(AbstractBeanFactory.java:335)
	at org.springframework.beans.factory.support.DefaultSingletonBeanRegistry.getSingleton(DefaultSingletonBeanRegistry.java:234)
	at org.springframework.beans.factory.support.AbstractBeanFactory.doGetBean(AbstractBeanFactory.java:333)
	at org.springframework.beans.factory.support.AbstractBeanFactory.getBean(AbstractBeanFactory.java:208)
	at org.springframework.beans.factory.config.DependencyDescriptor.resolveCandidate(DependencyDescriptor.java:276)
	at org.springframework.beans.factory.support.DefaultListableBeanFactory.doResolveDependency(DefaultListableBeanFactory.java:1391)
	at org.springframework.beans.factory.support.DefaultListableBeanFactory.resolveDependency(DefaultListableBeanFactory.java:1311)
	at org.springframework.beans.factory.support.ConstructorResolver.resolveAutowiredArgument(ConstructorResolver.java:911)
	at org.springframework.beans.factory.support.ConstructorResolver.createArgumentArray(ConstructorResolver.java:788)
	... 19 common frames omitted
Caused by: java.lang.NoClassDefFoundError: com/jixiao2/server/performance/PerformanceService$1
	at com.jixiao2.server.performance.PerformanceService.<clinit>(PerformanceService.java:36)
	at sun.reflect.NativeConstructorAccessorImpl.newInstance0(Native Method)
	at sun.reflect.NativeConstructorAccessorImpl.newInstance(NativeConstructorAccessorImpl.java:62)
	at sun.reflect.DelegatingConstructorAccessorImpl.newInstance(DelegatingConstructorAccessorImpl.java:45)
	at java.lang.reflect.Constructor.newInstance(Constructor.java:423)
	at org.springframework.beans.BeanUtils.instantiateClass(BeanUtils.java:213)
	at org.springframework.beans.factory.support.SimpleInstantiationStrategy.instantiate(SimpleInstantiationStrategy.java:117)
	at org.springframework.beans.factory.support.ConstructorResolver.instantiate(ConstructorResolver.java:306)
	... 33 common frames omitted
Caused by: java.lang.ClassNotFoundException: com.jixiao2.server.performance.PerformanceService$1
	at java.net.URLClassLoader.findClass(URLClassLoader.java:387)
	at java.lang.ClassLoader.loadClass(ClassLoader.java:418)
	at sun.misc.Launcher$AppClassLoader.loadClass(Launcher.java:352)
	at java.lang.ClassLoader.loadClass(ClassLoader.java:351)
	... 41 common frames omitted

